Copyright 1986-2022 Xilinx, Inc. All Rights Reserved. Copyright 2022-2025 Advanced Micro Devices, Inc. All Rights Reserved.
--------------------------------------------------------------------------------------------------------------------------------------------------
| Tool Version      : Vivado v.2025.1 (lin64) Build 6140274 Wed May 21 22:58:25 MDT 2025
| Date              : Sat Dec 13 18:48:44 2025
| Host              : compute11.eng.umd.edu running 64-bit unknown
| Command           : report_timing_summary -file timing.rpt
| Design            : pea_v_invoke_top_module_FSM_1
| Device            : xczu5ev-fbvb900
| Speed File        : -2  PRODUCTION 1.30 05-15-2022
| Design State      : Synthesized
| Temperature Grade : I
--------------------------------------------------------------------------------------------------------------------------------------------------

Timing Summary Report

------------------------------------------------------------------------------------------------
| Timer Settings
| --------------
------------------------------------------------------------------------------------------------

  Enable Multi Corner Analysis               :  Yes
  Enable Pessimism Removal                   :  Yes
  Pessimism Removal Resolution               :  Nearest Common Node
  Enable Input Delay Default Clock           :  No
  Enable Preset / Clear Arcs                 :  No
  Disable Flight Delays                      :  No
  Ignore I/O Paths                           :  No
  Timing Early Launch at Borrowing Latches   :  No
  Borrow Time for Max Delay Exceptions       :  Yes
  Merge Timing Exceptions                    :  Yes
  Inter-SLR Compensation                     :  Conservative

  Corner  Analyze    Analyze    
  Name    Max Paths  Min Paths  
  ------  ---------  ---------  
  Slow    Yes        Yes        
  Fast    Yes        Yes        


------------------------------------------------------------------------------------------------
| Report Methodology
| ------------------
------------------------------------------------------------------------------------------------

No report available as report_methodology has not been run prior. Run report_methodology on the current design for the summary of methodology violations.



check_timing report

Table of Contents
-----------------
1. checking no_clock (0)
2. checking constant_clock (0)
3. checking pulse_width_clock (0)
4. checking unconstrained_internal_endpoints (0)
5. checking no_input_delay (42)
6. checking no_output_delay (12)
7. checking multiple_clock (0)
8. checking generated_clocks (0)
9. checking loops (0)
10. checking partial_input_delay (0)
11. checking partial_output_delay (0)
12. checking latch_loops (0)

1. checking no_clock (0)
------------------------
 There are 0 register/latch pins with no clock.


2. checking constant_clock (0)
------------------------------
 There are 0 register/latch pins with constant_clock.


3. checking pulse_width_clock (0)
---------------------------------
 There are 0 register/latch pins which need pulse_width check


4. checking unconstrained_internal_endpoints (0)
------------------------------------------------
 There are 0 pins that are not constrained for maximum delay.

 There are 0 pins that are not constrained for maximum delay due to constant clock.


5. checking no_input_delay (42)
-------------------------------
 There are 42 input ports with no input delay specified. (HIGH)

 There are 0 input ports with no input delay but user has a false path constraint.


6. checking no_output_delay (12)
--------------------------------
 There are 12 ports with no output delay specified. (HIGH)

 There are 0 ports with no output delay but user has a false path constraint

 There are 0 ports with no output delay but with a timing clock defined on it or propagating through it


7. checking multiple_clock (0)
------------------------------
 There are 0 register/latch pins with multiple clocks.


8. checking generated_clocks (0)
--------------------------------
 There are 0 generated clocks that are not connected to a clock source.


9. checking loops (0)
---------------------
 There are 0 combinational loops in the design.


10. checking partial_input_delay (0)
------------------------------------
 There are 0 input ports with partial input delay specified.


11. checking partial_output_delay (0)
-------------------------------------
 There are 0 ports with partial output delay specified.


12. checking latch_loops (0)
----------------------------
 There are 0 combinational latch loops in the design through latch input



------------------------------------------------------------------------------------------------
| Design Timing Summary
| ---------------------
------------------------------------------------------------------------------------------------

    WNS(ns)      TNS(ns)  TNS Failing Endpoints  TNS Total Endpoints      WHS(ns)      THS(ns)  THS Failing Endpoints  THS Total Endpoints     WPWS(ns)     TPWS(ns)  TPWS Failing Endpoints  TPWS Total Endpoints  
    -------      -------  ---------------------  -------------------      -------      -------  ---------------------  -------------------     --------     --------  ----------------------  --------------------  
      8.623        0.000                      0                  183       -0.066       -3.032                     71                  183        4.725        0.000                       0                    81  


Timing constraints are not met.


------------------------------------------------------------------------------------------------
| Clock Summary
| -------------
------------------------------------------------------------------------------------------------

Clock  Waveform(ns)       Period(ns)      Frequency(MHz)
-----  ------------       ----------      --------------
clk    {0.000 5.000}      10.000          100.000         


------------------------------------------------------------------------------------------------
| Intra Clock Table
| -----------------
------------------------------------------------------------------------------------------------

Clock             WNS(ns)      TNS(ns)  TNS Failing Endpoints  TNS Total Endpoints      WHS(ns)      THS(ns)  THS Failing Endpoints  THS Total Endpoints     WPWS(ns)     TPWS(ns)  TPWS Failing Endpoints  TPWS Total Endpoints  
-----             -------      -------  ---------------------  -------------------      -------      -------  ---------------------  -------------------     --------     --------  ----------------------  --------------------  
clk                 8.623        0.000                      0                  151       -0.066       -3.032                     71                  151        4.725        0.000                       0                    81  


------------------------------------------------------------------------------------------------
| Inter Clock Table
| -----------------
------------------------------------------------------------------------------------------------

From Clock    To Clock          WNS(ns)      TNS(ns)  TNS Failing Endpoints  TNS Total Endpoints      WHS(ns)      THS(ns)  THS Failing Endpoints  THS Total Endpoints  
----------    --------          -------      -------  ---------------------  -------------------      -------      -------  ---------------------  -------------------  


------------------------------------------------------------------------------------------------
| Other Path Groups Table
| -----------------------
------------------------------------------------------------------------------------------------

Path Group         From Clock         To Clock               WNS(ns)      TNS(ns)  TNS Failing Endpoints  TNS Total Endpoints      WHS(ns)      THS(ns)  THS Failing Endpoints  THS Total Endpoints  
----------         ----------         --------               -------      -------  ---------------------  -------------------      -------      -------  ---------------------  -------------------  
**async_default**  clk                clk                      9.276        0.000                      0                   32        0.098        0.000                      0                   32  


------------------------------------------------------------------------------------------------
| Timing Details
| --------------
------------------------------------------------------------------------------------------------


---------------------------------------------------------------------------------------------------
From Clock:  clk
  To Clock:  clk

Setup :            0  Failing Endpoints,  Worst Slack        8.623ns,  Total Violation        0.000ns
Hold  :           71  Failing Endpoints,  Worst Slack       -0.066ns,  Total Violation       -3.032ns
PW    :            0  Failing Endpoints,  Worst Slack        4.725ns,  Total Violation        0.000ns
---------------------------------------------------------------------------------------------------


Max Delay Paths
--------------------------------------------------------------------------------------
Slack (MET) :             8.623ns  (required time - arrival time)
  Source:                 FSM2/current_mode_reg[1]/C
                            (rising edge-triggered cell FDCE clocked by clk  {rise@0.000ns fall@5.000ns period=10.000ns})
  Destination:            FSM2/FSM_onehot_state_reg[0]/CE
                            (rising edge-triggered cell FDPE clocked by clk  {rise@0.000ns fall@5.000ns period=10.000ns})
  Path Group:             clk
  Path Type:              Setup (Max at Slow Process Corner)
  Requirement:            10.000ns  (clk rise@10.000ns - clk rise@0.000ns)
  Data Path Delay:        1.137ns  (logic 0.284ns (24.978%)  route 0.853ns (75.022%))
  Logic Levels:           4  (LUT4=1 LUT5=1 LUT6=2)
  Clock Path Skew:        -0.145ns (DCD - SCD + CPR)
    Destination Clock Delay (DCD):    2.916ns = ( 12.916 - 10.000 ) 
    Source Clock Delay      (SCD):    3.344ns
    Clock Pessimism Removal (CPR):    0.283ns
  Clock Uncertainty:      0.035ns  ((TSJ^2 + TIJ^2)^1/2 + DJ) / 2 + PE
    Total System Jitter     (TSJ):    0.071ns
    Total Input Jitter      (TIJ):    0.000ns
    Discrete Jitter          (DJ):    0.000ns
    Phase Error              (PE):    0.000ns

    Location             Delay type                Incr(ns)  Path(ns)    Netlist Resource(s)
  -------------------------------------------------------------------    -------------------
                         (clock clk rise edge)        0.000     0.000 r  
                                                      0.000     0.000 r  clk (IN)
                         net (fo=0)                   0.000     0.000    clk_IBUF_inst/I
                         INBUF (Prop_INBUF_PAD_O)     0.571     0.571 r  clk_IBUF_inst/INBUF_INST/O
                         net (fo=1, unplaced)         0.000     0.571    clk_IBUF_inst/OUT
                         IBUFCTRL (Prop_IBUFCTRL_I_O)
                                                      0.000     0.571 r  clk_IBUF_inst/IBUFCTRL_INST/O
                         net (fo=1, unplaced)         0.161     0.732    clk_IBUF
                         BUFGCE (Prop_BUFGCE_I_O)     0.028     0.760 r  clk_IBUF_BUFG_inst/O
                         net (fo=80, unplaced)        2.584     3.344    FSM2/CLK
                         FDCE                                         r  FSM2/current_mode_reg[1]/C
  -------------------------------------------------------------------    -------------------
                         FDCE (Prop_FDCE_C_Q)         0.079     3.423 f  FSM2/current_mode_reg[1]/Q
                         net (fo=29, unplaced)        0.149     3.572    FSM2/current_mode_reg_n_0_[1]
                         LUT4 (Prop_LUT4_I0_O)        0.100     3.672 r  FSM2/FSM_onehot_state[2]_i_6/O
                         net (fo=1, unplaced)         0.186     3.858    FSM2/evb_inst/FSM_onehot_state[2]_i_2
                         LUT6 (Prop_LUT6_I1_O)        0.035     3.893 f  FSM2/evb_inst/FSM_onehot_state[2]_i_4/O
                         net (fo=1, unplaced)         0.186     4.079    FSM2/stp_inst/FSM_onehot_state_reg[0]_1
                         LUT6 (Prop_LUT6_I5_O)        0.035     4.114 f  FSM2/stp_inst/FSM_onehot_state[2]_i_2/O
                         net (fo=1, unplaced)         0.186     4.300    FSM2/stp_inst/FSM_onehot_state[2]_i_2_n_0
                         LUT5 (Prop_LUT5_I0_O)        0.035     4.335 r  FSM2/stp_inst/FSM_onehot_state[2]_i_1/O
                         net (fo=3, unplaced)         0.146     4.481    FSM2/stp_inst_n_14
                         FDPE                                         r  FSM2/FSM_onehot_state_reg[0]/CE
  -------------------------------------------------------------------    -------------------

                         (clock clk rise edge)       10.000    10.000 r  
                                                      0.000    10.000 r  clk (IN)
                         net (fo=0)                   0.000    10.000    clk_IBUF_inst/I
                         INBUF (Prop_INBUF_PAD_O)     0.320    10.320 r  clk_IBUF_inst/INBUF_INST/O
                         net (fo=1, unplaced)         0.000    10.320    clk_IBUF_inst/OUT
                         IBUFCTRL (Prop_IBUFCTRL_I_O)
                                                      0.000    10.320 r  clk_IBUF_inst/IBUFCTRL_INST/O
                         net (fo=1, unplaced)         0.133    10.453    clk_IBUF
                         BUFGCE (Prop_BUFGCE_I_O)     0.024    10.477 r  clk_IBUF_BUFG_inst/O
                         net (fo=80, unplaced)        2.439    12.916    FSM2/CLK
                         FDPE                                         r  FSM2/FSM_onehot_state_reg[0]/C
                         clock pessimism              0.283    13.199    
                         clock uncertainty           -0.035    13.163    
                         FDPE (Setup_FDPE_C_CE)      -0.060    13.103    FSM2/FSM_onehot_state_reg[0]
  -------------------------------------------------------------------
                         required time                         13.103    
                         arrival time                          -4.481    
  -------------------------------------------------------------------
                         slack                                  8.623    





Min Delay Paths
--------------------------------------------------------------------------------------
Slack (VIOLATED) :        -0.066ns  (arrival time - required time)
  Source:                 FSM2/evb_inst/loop_counter_reg[4]/C
                            (rising edge-triggered cell FDCE clocked by clk  {rise@0.000ns fall@5.000ns period=10.000ns})
  Destination:            FSM2/evb_inst/loop_counter_reg[4]/D
                            (rising edge-triggered cell FDCE clocked by clk  {rise@0.000ns fall@5.000ns period=10.000ns})
  Path Group:             clk
  Path Type:              Hold (Min at Fast Process Corner)
  Requirement:            0.000ns  (clk rise@0.000ns - clk rise@0.000ns)
  Data Path Delay:        0.125ns  (logic 0.061ns (48.800%)  route 0.064ns (51.200%))
  Logic Levels:           1  (LUT6=1)
  Clock Path Skew:        0.145ns (DCD - SCD - CPR)
    Destination Clock Delay (DCD):    1.752ns
    Source Clock Delay      (SCD):    1.402ns
    Clock Pessimism Removal (CPR):    0.205ns

    Location             Delay type                Incr(ns)  Path(ns)    Netlist Resource(s)
  -------------------------------------------------------------------    -------------------
                         (clock clk rise edge)        0.000     0.000 r  
                                                      0.000     0.000 r  clk (IN)
                         net (fo=0)                   0.000     0.000    clk_IBUF_inst/I
                         INBUF (Prop_INBUF_PAD_O)     0.205     0.205 r  clk_IBUF_inst/INBUF_INST/O
                         net (fo=1, unplaced)         0.000     0.205    clk_IBUF_inst/OUT
                         IBUFCTRL (Prop_IBUFCTRL_I_O)
                                                      0.000     0.205 r  clk_IBUF_inst/IBUFCTRL_INST/O
                         net (fo=1, unplaced)         0.066     0.271    clk_IBUF
                         BUFGCE (Prop_BUFGCE_I_O)     0.017     0.288 r  clk_IBUF_BUFG_inst/O
                         net (fo=80, unplaced)        1.114     1.402    FSM2/evb_inst/CLK
                         FDCE                                         r  FSM2/evb_inst/loop_counter_reg[4]/C
  -------------------------------------------------------------------    -------------------
                         FDCE (Prop_FDCE_C_Q)         0.039     1.441 r  FSM2/evb_inst/loop_counter_reg[4]/Q
                         net (fo=2, unplaced)         0.048     1.489    FSM2/evb_inst/loop_counter_reg_n_0_[4]
                         LUT6 (Prop_LUT6_I4_O)        0.022     1.511 r  FSM2/evb_inst/loop_counter[4]_i_2/O
                         net (fo=1, unplaced)         0.016     1.527    FSM2/evb_inst/loop_counter[4]
                         FDCE                                         r  FSM2/evb_inst/loop_counter_reg[4]/D
  -------------------------------------------------------------------    -------------------

                         (clock clk rise edge)        0.000     0.000 r  
                                                      0.000     0.000 r  clk (IN)
                         net (fo=0)                   0.000     0.000    clk_IBUF_inst/I
                         INBUF (Prop_INBUF_PAD_O)     0.391     0.391 r  clk_IBUF_inst/INBUF_INST/O
                         net (fo=1, unplaced)         0.000     0.391    clk_IBUF_inst/OUT
                         IBUFCTRL (Prop_IBUFCTRL_I_O)
                                                      0.000     0.391 r  clk_IBUF_inst/IBUFCTRL_INST/O
                         net (fo=1, unplaced)         0.083     0.474    clk_IBUF
                         BUFGCE (Prop_BUFGCE_I_O)     0.019     0.493 r  clk_IBUF_BUFG_inst/O
                         net (fo=80, unplaced)        1.259     1.752    FSM2/evb_inst/CLK
                         FDCE                                         r  FSM2/evb_inst/loop_counter_reg[4]/C
                         clock pessimism             -0.205     1.547    
                         FDCE (Hold_FDCE_C_D)         0.046     1.593    FSM2/evb_inst/loop_counter_reg[4]
  -------------------------------------------------------------------
                         required time                         -1.593    
                         arrival time                           1.527    
  -------------------------------------------------------------------
                         slack                                 -0.066    





Pulse Width Checks
--------------------------------------------------------------------------------------
Clock Name:         clk
Waveform(ns):       { 0.000 5.000 }
Period(ns):         10.000
Sources:            { clk }

Check Type        Corner  Lib Pin   Reference Pin  Required(ns)  Actual(ns)  Slack(ns)  Location  Pin
Min Period        n/a     BUFGCE/I  n/a            1.290         10.000      8.710                clk_IBUF_BUFG_inst/I
Low Pulse Width   Slow    FDPE/C    n/a            0.275         5.000       4.725                FSM_onehot_state_reg[0]/C
High Pulse Width  Slow    FDPE/C    n/a            0.275         5.000       4.725                FSM_onehot_state_reg[0]/C



---------------------------------------------------------------------------------------------------
Path Group:  **async_default**
From Clock:  clk
  To Clock:  clk

Setup :            0  Failing Endpoints,  Worst Slack        9.276ns,  Total Violation        0.000ns
Hold  :            0  Failing Endpoints,  Worst Slack        0.098ns,  Total Violation        0.000ns
---------------------------------------------------------------------------------------------------


Max Delay Paths
--------------------------------------------------------------------------------------
Slack (MET) :             9.276ns  (required time - arrival time)
  Source:                 FSM2/rst_inst/state_reg/C
                            (rising edge-triggered cell FDCE clocked by clk  {rise@0.000ns fall@5.000ns period=10.000ns})
  Destination:            FSM2/memory_inst/degrees_reg[0][0]/PRE
                            (recovery check against rising-edge clock clk  {rise@0.000ns fall@5.000ns period=10.000ns})
  Path Group:             **async_default**
  Path Type:              Recovery (Max at Slow Process Corner)
  Requirement:            10.000ns  (clk rise@10.000ns - clk rise@0.000ns)
  Data Path Delay:        0.478ns  (logic 0.132ns (27.615%)  route 0.346ns (72.385%))
  Logic Levels:           1  (LUT2=1)
  Clock Path Skew:        -0.145ns (DCD - SCD + CPR)
    Destination Clock Delay (DCD):    2.916ns = ( 12.916 - 10.000 ) 
    Source Clock Delay      (SCD):    3.344ns
    Clock Pessimism Removal (CPR):    0.283ns
  Clock Uncertainty:      0.035ns  ((TSJ^2 + TIJ^2)^1/2 + DJ) / 2 + PE
    Total System Jitter     (TSJ):    0.071ns
    Total Input Jitter      (TIJ):    0.000ns
    Discrete Jitter          (DJ):    0.000ns
    Phase Error              (PE):    0.000ns

    Location             Delay type                Incr(ns)  Path(ns)    Netlist Resource(s)
  -------------------------------------------------------------------    -------------------
                         (clock clk rise edge)        0.000     0.000 r  
                                                      0.000     0.000 r  clk (IN)
                         net (fo=0)                   0.000     0.000    clk_IBUF_inst/I
                         INBUF (Prop_INBUF_PAD_O)     0.571     0.571 r  clk_IBUF_inst/INBUF_INST/O
                         net (fo=1, unplaced)         0.000     0.571    clk_IBUF_inst/OUT
                         IBUFCTRL (Prop_IBUFCTRL_I_O)
                                                      0.000     0.571 r  clk_IBUF_inst/IBUFCTRL_INST/O
                         net (fo=1, unplaced)         0.161     0.732    clk_IBUF
                         BUFGCE (Prop_BUFGCE_I_O)     0.028     0.760 r  clk_IBUF_BUFG_inst/O
                         net (fo=80, unplaced)        2.584     3.344    FSM2/rst_inst/CLK
                         FDCE                                         r  FSM2/rst_inst/state_reg/C
  -------------------------------------------------------------------    -------------------
                         FDCE (Prop_FDCE_C_Q)         0.079     3.423 f  FSM2/rst_inst/state_reg/Q
                         net (fo=4, unplaced)         0.100     3.523    FSM2/rst_inst/w_rst_all_mem
                         LUT2 (Prop_LUT2_I0_O)        0.053     3.576 f  FSM2/rst_inst/degrees[0][3]_i_3/O
                         net (fo=32, unplaced)        0.246     3.822    FSM2/memory_inst/AS[0]
                         FDPE                                         f  FSM2/memory_inst/degrees_reg[0][0]/PRE
  -------------------------------------------------------------------    -------------------

                         (clock clk rise edge)       10.000    10.000 r  
                                                      0.000    10.000 r  clk (IN)
                         net (fo=0)                   0.000    10.000    clk_IBUF_inst/I
                         INBUF (Prop_INBUF_PAD_O)     0.320    10.320 r  clk_IBUF_inst/INBUF_INST/O
                         net (fo=1, unplaced)         0.000    10.320    clk_IBUF_inst/OUT
                         IBUFCTRL (Prop_IBUFCTRL_I_O)
                                                      0.000    10.320 r  clk_IBUF_inst/IBUFCTRL_INST/O
                         net (fo=1, unplaced)         0.133    10.453    clk_IBUF
                         BUFGCE (Prop_BUFGCE_I_O)     0.024    10.477 r  clk_IBUF_BUFG_inst/O
                         net (fo=80, unplaced)        2.439    12.916    FSM2/memory_inst/CLK
                         FDPE                                         r  FSM2/memory_inst/degrees_reg[0][0]/C
                         clock pessimism              0.283    13.199    
                         clock uncertainty           -0.035    13.163    
                         FDPE (Recov_FDPE_C_PRE)     -0.066    13.097    FSM2/memory_inst/degrees_reg[0][0]
  -------------------------------------------------------------------
                         required time                         13.097    
                         arrival time                          -3.822    
  -------------------------------------------------------------------
                         slack                                  9.276    





Min Delay Paths
--------------------------------------------------------------------------------------
Slack (MET) :             0.098ns  (arrival time - required time)
  Source:                 FSM2/rst_inst/state_reg/C
                            (rising edge-triggered cell FDCE clocked by clk  {rise@0.000ns fall@5.000ns period=10.000ns})
  Destination:            FSM2/memory_inst/degrees_reg[0][0]/PRE
                            (removal check against rising-edge clock clk  {rise@0.000ns fall@5.000ns period=10.000ns})
  Path Group:             **async_default**
  Path Type:              Removal (Min at Fast Process Corner)
  Requirement:            0.000ns  (clk rise@0.000ns - clk rise@0.000ns)
  Data Path Delay:        0.223ns  (logic 0.062ns (27.803%)  route 0.161ns (72.197%))
  Logic Levels:           1  (LUT2=1)
  Clock Path Skew:        0.145ns (DCD - SCD - CPR)
    Destination Clock Delay (DCD):    1.752ns
    Source Clock Delay      (SCD):    1.402ns
    Clock Pessimism Removal (CPR):    0.205ns

    Location             Delay type                Incr(ns)  Path(ns)    Netlist Resource(s)
  -------------------------------------------------------------------    -------------------
                         (clock clk rise edge)        0.000     0.000 r  
                                                      0.000     0.000 r  clk (IN)
                         net (fo=0)                   0.000     0.000    clk_IBUF_inst/I
                         INBUF (Prop_INBUF_PAD_O)     0.205     0.205 r  clk_IBUF_inst/INBUF_INST/O
                         net (fo=1, unplaced)         0.000     0.205    clk_IBUF_inst/OUT
                         IBUFCTRL (Prop_IBUFCTRL_I_O)
                                                      0.000     0.205 r  clk_IBUF_inst/IBUFCTRL_INST/O
                         net (fo=1, unplaced)         0.066     0.271    clk_IBUF
                         BUFGCE (Prop_BUFGCE_I_O)     0.017     0.288 r  clk_IBUF_BUFG_inst/O
                         net (fo=80, unplaced)        1.114     1.402    FSM2/rst_inst/CLK
                         FDCE                                         r  FSM2/rst_inst/state_reg/C
  -------------------------------------------------------------------    -------------------
                         FDCE (Prop_FDCE_C_Q)         0.039     1.441 f  FSM2/rst_inst/state_reg/Q
                         net (fo=4, unplaced)         0.053     1.494    FSM2/rst_inst/w_rst_all_mem
                         LUT2 (Prop_LUT2_I0_O)        0.023     1.517 f  FSM2/rst_inst/degrees[0][3]_i_3/O
                         net (fo=32, unplaced)        0.108     1.625    FSM2/memory_inst/AS[0]
                         FDPE                                         f  FSM2/memory_inst/degrees_reg[0][0]/PRE
  -------------------------------------------------------------------    -------------------

                         (clock clk rise edge)        0.000     0.000 r  
                                                      0.000     0.000 r  clk (IN)
                         net (fo=0)                   0.000     0.000    clk_IBUF_inst/I
                         INBUF (Prop_INBUF_PAD_O)     0.391     0.391 r  clk_IBUF_inst/INBUF_INST/O
                         net (fo=1, unplaced)         0.000     0.391    clk_IBUF_inst/OUT
                         IBUFCTRL (Prop_IBUFCTRL_I_O)
                                                      0.000     0.391 r  clk_IBUF_inst/IBUFCTRL_INST/O
                         net (fo=1, unplaced)         0.083     0.474    clk_IBUF
                         BUFGCE (Prop_BUFGCE_I_O)     0.019     0.493 r  clk_IBUF_BUFG_inst/O
                         net (fo=80, unplaced)        1.259     1.752    FSM2/memory_inst/CLK
                         FDPE                                         r  FSM2/memory_inst/degrees_reg[0][0]/C
                         clock pessimism             -0.205     1.547    
                         FDPE (Remov_FDPE_C_PRE)     -0.020     1.527    FSM2/memory_inst/degrees_reg[0][0]
  -------------------------------------------------------------------
                         required time                         -1.527    
                         arrival time                           1.625    
  -------------------------------------------------------------------
                         slack                                  0.098    





